{
  "RSpec": {
    "coverage": {
      "/Users/gunelmehdiyeva-chau/Projects/week_10/bank_tech_test/spec/account_spec.rb": {
        "lines": [
          null,
          null,
          1,
          null,
          1,
          1,
          null,
          1,
          null,
          null,
          1,
          null,
          1,
          null,
          null,
          null,
          1,
          1,
          4,
          null,
          null,
          1,
          1,
          1,
          1,
          null,
          null,
          null,
          null,
          1,
          1,
          3,
          null,
          null,
          1,
          4,
          null,
          null,
          1,
          1,
          1,
          1,
          null,
          null,
          1,
          2,
          null,
          null,
          null,
          null
        ]
      },
      "/Users/gunelmehdiyeva-chau/Projects/week_10/bank_tech_test/lib/account.rb": {
        "lines": [
          null,
          null,
          1,
          1,
          null,
          1,
          7,
          7,
          null,
          null,
          1,
          6,
          null,
          null,
          1,
          4,
          3,
          null,
          null
        ]
      }
    },
    "timestamp": 1625509171
  }
}
